{
  "RSpec": {
    "coverage": {
      "/Users/Erik/breakable-toy-related/breakable_toy/app/models/user.rb": [
        1,
        1,
        1,
        null,
        null,
        null,
        1,
        null,
        null
      ],
      "/Users/Erik/breakable-toy-related/breakable_toy/app/controllers/application_controller.rb": [
        1,
        null,
        null,
        1,
        null,
        1,
        null,
        1,
        null,
        1,
        20,
        null,
        null
      ],
      "/Users/Erik/breakable-toy-related/breakable_toy/app/controllers/questions_controller.rb": [
        1,
        null,
        1,
        12,
        null,
        null
      ],
      "/Users/Erik/breakable-toy-related/breakable_toy/app/controllers/users_controller.rb": [
        1,
        1,
        null,
        null
      ]
    },
    "timestamp": 1443735562
  }
}
